{"C:\\Users\\91882\\Desktop\\vyaparx\\cart\\src\\app.js": {"path":"C:\\Users\\91882\\Desktop\\vyaparx\\cart\\src\\app.js","statementMap":{"0":{"start":{"line":1,"column":16},"end":{"line":1,"column":34}},"1":{"start":{"line":2,"column":21},"end":{"line":2,"column":45}},"2":{"start":{"line":3,"column":12},"end":{"line":3,"column":21}},"3":{"start":{"line":4,"column":19},"end":{"line":4,"column":50}},"4":{"start":{"line":6,"column":0},"end":{"line":6,"column":24}},"5":{"start":{"line":7,"column":0},"end":{"line":7,"column":24}},"6":{"start":{"line":9,"column":0},"end":{"line":9,"column":33}},"7":{"start":{"line":13,"column":0},"end":{"line":13,"column":21}}},"fnMap":{},"branchMap":{},"s":{"0":1,"1":1,"2":1,"3":1,"4":1,"5":1,"6":1,"7":1},"f":{},"b":{},"_coverageSchema":"1a1c01bbd47fc00a2c39e90264f33305004495a9","hash":"b4fb99562d1bbbf997438c9aef733bbec86b7c27"}
,"C:\\Users\\91882\\Desktop\\vyaparx\\cart\\src\\controllers\\cart.controller.js": {"path":"C:\\Users\\91882\\Desktop\\vyaparx\\cart\\src\\controllers\\cart.controller.js","statementMap":{"0":{"start":{"line":1,"column":18},"end":{"line":1,"column":49}},"1":{"start":{"line":5,"column":30},"end":{"line":5,"column":38}},"2":{"start":{"line":7,"column":17},"end":{"line":7,"column":25}},"3":{"start":{"line":8,"column":4},"end":{"line":10,"column":5}},"4":{"start":{"line":9,"column":8},"end":{"line":9,"column":63}},"5":{"start":{"line":11,"column":15},"end":{"line":11,"column":55}},"6":{"start":{"line":12,"column":4},"end":{"line":15,"column":5}},"7":{"start":{"line":14,"column":12},"end":{"line":14,"column":58}},"8":{"start":{"line":17,"column":30},"end":{"line":17,"column":99}},"9":{"start":{"line":17,"column":59},"end":{"line":17,"column":98}},"10":{"start":{"line":19,"column":4},"end":{"line":24,"column":5}},"11":{"start":{"line":20,"column":8},"end":{"line":20,"column":49}},"12":{"start":{"line":23,"column":12},"end":{"line":23,"column":45}},"13":{"start":{"line":25,"column":4},"end":{"line":25,"column":22}},"14":{"start":{"line":27,"column":4},"end":{"line":27,"column":75}},"15":{"start":{"line":33,"column":17},"end":{"line":33,"column":25}},"16":{"start":{"line":34,"column":16},"end":{"line":34,"column":18}},"17":{"start":{"line":35,"column":4},"end":{"line":44,"column":5}},"18":{"start":{"line":36,"column":21},"end":{"line":36,"column":63}},"19":{"start":{"line":37,"column":8},"end":{"line":43,"column":9}},"20":{"start":{"line":38,"column":12},"end":{"line":42,"column":16}},"21":{"start":{"line":38,"column":43},"end":{"line":42,"column":13}},"22":{"start":{"line":45,"column":19},"end":{"line":45,"column":86}},"23":{"start":{"line":45,"column":56},"end":{"line":45,"column":80}},"24":{"start":{"line":46,"column":4},"end":{"line":46,"column":51}},"25":{"start":{"line":50,"column":26},"end":{"line":50,"column":36}},"26":{"start":{"line":52,"column":4},"end":{"line":52,"column":61}},"27":{"start":{"line":57,"column":4},"end":{"line":57,"column":82}},"28":{"start":{"line":60,"column":26},"end":{"line":60,"column":36}},"29":{"start":{"line":61,"column":20},"end":{"line":61,"column":28}},"30":{"start":{"line":62,"column":17},"end":{"line":62,"column":25}},"31":{"start":{"line":64,"column":4},"end":{"line":66,"column":5}},"32":{"start":{"line":65,"column":8},"end":{"line":65,"column":63}},"33":{"start":{"line":68,"column":15},"end":{"line":68,"column":57}},"34":{"start":{"line":69,"column":4},"end":{"line":71,"column":5}},"35":{"start":{"line":70,"column":8},"end":{"line":70,"column":65}},"36":{"start":{"line":73,"column":30},"end":{"line":75,"column":5}},"37":{"start":{"line":74,"column":18},"end":{"line":74,"column":57}},"38":{"start":{"line":77,"column":4},"end":{"line":79,"column":5}},"39":{"start":{"line":78,"column":8},"end":{"line":78,"column":73}},"40":{"start":{"line":81,"column":4},"end":{"line":85,"column":5}},"41":{"start":{"line":82,"column":8},"end":{"line":82,"column":48}},"42":{"start":{"line":84,"column":8},"end":{"line":84,"column":48}},"43":{"start":{"line":87,"column":19},"end":{"line":89,"column":5}},"44":{"start":{"line":88,"column":51},"end":{"line":88,"column":78}},"45":{"start":{"line":91,"column":4},"end":{"line":91,"column":22}},"46":{"start":{"line":93,"column":4},"end":{"line":93,"column":75}},"47":{"start":{"line":98,"column":0},"end":{"line":106,"column":2}}},"fnMap":{"0":{"name":"addItemToCart","decl":{"start":{"line":4,"column":15},"end":{"line":4,"column":28}},"loc":{"start":{"line":4,"column":37},"end":{"line":29,"column":1}},"line":4},"1":{"name":"(anonymous_1)","decl":{"start":{"line":17,"column":51},"end":{"line":17,"column":52}},"loc":{"start":{"line":17,"column":59},"end":{"line":17,"column":98}},"line":17},"2":{"name":"getCart","decl":{"start":{"line":31,"column":15},"end":{"line":31,"column":22}},"loc":{"start":{"line":31,"column":33},"end":{"line":47,"column":1}},"line":31},"3":{"name":"(anonymous_3)","decl":{"start":{"line":38,"column":35},"end":{"line":38,"column":36}},"loc":{"start":{"line":38,"column":43},"end":{"line":42,"column":13}},"line":38},"4":{"name":"(anonymous_4)","decl":{"start":{"line":45,"column":44},"end":{"line":45,"column":45}},"loc":{"start":{"line":45,"column":56},"end":{"line":45,"column":80}},"line":45},"5":{"name":"removeCartItem","decl":{"start":{"line":49,"column":15},"end":{"line":49,"column":29}},"loc":{"start":{"line":49,"column":40},"end":{"line":53,"column":1}},"line":49},"6":{"name":"clearCart","decl":{"start":{"line":55,"column":15},"end":{"line":55,"column":24}},"loc":{"start":{"line":55,"column":35},"end":{"line":58,"column":1}},"line":55},"7":{"name":"updateCartItem","decl":{"start":{"line":59,"column":15},"end":{"line":59,"column":29}},"loc":{"start":{"line":59,"column":38},"end":{"line":94,"column":1}},"line":59},"8":{"name":"(anonymous_8)","decl":{"start":{"line":74,"column":8},"end":{"line":74,"column":9}},"loc":{"start":{"line":74,"column":18},"end":{"line":74,"column":57}},"line":74},"9":{"name":"(anonymous_9)","decl":{"start":{"line":88,"column":36},"end":{"line":88,"column":37}},"loc":{"start":{"line":88,"column":51},"end":{"line":88,"column":78}},"line":88}},"branchMap":{"0":{"loc":{"start":{"line":8,"column":4},"end":{"line":10,"column":5}},"type":"if","locations":[{"start":{"line":8,"column":4},"end":{"line":10,"column":5}},{"start":{},"end":{}}],"line":8},"1":{"loc":{"start":{"line":12,"column":4},"end":{"line":15,"column":5}},"type":"if","locations":[{"start":{"line":12,"column":4},"end":{"line":15,"column":5}},{"start":{},"end":{}}],"line":12},"2":{"loc":{"start":{"line":19,"column":4},"end":{"line":24,"column":5}},"type":"if","locations":[{"start":{"line":19,"column":4},"end":{"line":24,"column":5}},{"start":{"line":22,"column":8},"end":{"line":24,"column":5}}],"line":19},"3":{"loc":{"start":{"line":35,"column":4},"end":{"line":44,"column":5}},"type":"if","locations":[{"start":{"line":35,"column":4},"end":{"line":44,"column":5}},{"start":{},"end":{}}],"line":35},"4":{"loc":{"start":{"line":37,"column":8},"end":{"line":43,"column":9}},"type":"if","locations":[{"start":{"line":37,"column":8},"end":{"line":43,"column":9}},{"start":{},"end":{}}],"line":37},"5":{"loc":{"start":{"line":45,"column":69},"end":{"line":45,"column":79}},"type":"binary-expr","locations":[{"start":{"line":45,"column":69},"end":{"line":45,"column":74}},{"start":{"line":45,"column":78},"end":{"line":45,"column":79}}],"line":45},"6":{"loc":{"start":{"line":64,"column":4},"end":{"line":66,"column":5}},"type":"if","locations":[{"start":{"line":64,"column":4},"end":{"line":66,"column":5}},{"start":{},"end":{}}],"line":64},"7":{"loc":{"start":{"line":69,"column":4},"end":{"line":71,"column":5}},"type":"if","locations":[{"start":{"line":69,"column":4},"end":{"line":71,"column":5}},{"start":{},"end":{}}],"line":69},"8":{"loc":{"start":{"line":77,"column":4},"end":{"line":79,"column":5}},"type":"if","locations":[{"start":{"line":77,"column":4},"end":{"line":79,"column":5}},{"start":{},"end":{}}],"line":77},"9":{"loc":{"start":{"line":81,"column":4},"end":{"line":85,"column":5}},"type":"if","locations":[{"start":{"line":81,"column":4},"end":{"line":85,"column":5}},{"start":{"line":83,"column":11},"end":{"line":85,"column":5}}],"line":81},"10":{"loc":{"start":{"line":88,"column":64},"end":{"line":88,"column":77}},"type":"binary-expr","locations":[{"start":{"line":88,"column":64},"end":{"line":88,"column":72}},{"start":{"line":88,"column":76},"end":{"line":88,"column":77}}],"line":88}},"s":{"0":1,"1":0,"2":0,"3":0,"4":0,"5":0,"6":0,"7":0,"8":0,"9":0,"10":0,"11":0,"12":0,"13":0,"14":0,"15":4,"16":4,"17":4,"18":0,"19":0,"20":0,"21":0,"22":4,"23":0,"24":4,"25":4,"26":4,"27":4,"28":0,"29":0,"30":0,"31":0,"32":0,"33":0,"34":0,"35":0,"36":0,"37":0,"38":0,"39":0,"40":0,"41":0,"42":0,"43":0,"44":0,"45":0,"46":0,"47":1},"f":{"0":0,"1":0,"2":4,"3":0,"4":0,"5":4,"6":4,"7":0,"8":0,"9":0},"b":{"0":[0,0],"1":[0,0],"2":[0,0],"3":[0,4],"4":[0,0],"5":[0,0],"6":[0,0],"7":[0,0],"8":[0,0],"9":[0,0],"10":[0,0]},"_coverageSchema":"1a1c01bbd47fc00a2c39e90264f33305004495a9","hash":"905b260392ff9dd867c8e076d849a5a2f41b62ea"}
,"C:\\Users\\91882\\Desktop\\vyaparx\\cart\\src\\db\\db.js": {"path":"C:\\Users\\91882\\Desktop\\vyaparx\\cart\\src\\db\\db.js","statementMap":{"0":{"start":{"line":1,"column":17},"end":{"line":1,"column":36}},"1":{"start":{"line":8,"column":0},"end":{"line":13,"column":1}},"2":{"start":{"line":9,"column":4},"end":{"line":9,"column":50}},"3":{"start":{"line":10,"column":4},"end":{"line":10,"column":40}},"4":{"start":{"line":12,"column":4},"end":{"line":12,"column":35}},"5":{"start":{"line":18,"column":0},"end":{"line":18,"column":27}}},"fnMap":{"0":{"name":"connectDB","decl":{"start":{"line":5,"column":15},"end":{"line":5,"column":24}},"loc":{"start":{"line":5,"column":26},"end":{"line":16,"column":1}},"line":5}},"branchMap":{},"s":{"0":0,"1":0,"2":0,"3":0,"4":0,"5":0},"f":{"0":0},"b":{}}
,"C:\\Users\\91882\\Desktop\\vyaparx\\cart\\src\\middlewares\\auth.middlware.js": {"path":"C:\\Users\\91882\\Desktop\\vyaparx\\cart\\src\\middlewares\\auth.middlware.js","statementMap":{"0":{"start":{"line":1,"column":12},"end":{"line":1,"column":35}},"1":{"start":{"line":7,"column":0},"end":{"line":28,"column":1}},"2":{"start":{"line":8,"column":15},"end":{"line":8,"column":88}},"3":{"start":{"line":9,"column":0},"end":{"line":13,"column":1}},"4":{"start":{"line":10,"column":2},"end":{"line":10,"column":76}},"5":{"start":{"line":14,"column":0},"end":{"line":26,"column":1}},"6":{"start":{"line":15,"column":20},"end":{"line":15,"column":60}},"7":{"start":{"line":17,"column":4},"end":{"line":19,"column":5}},"8":{"start":{"line":18,"column":6},"end":{"line":18,"column":84}},"9":{"start":{"line":21,"column":4},"end":{"line":21,"column":23}},"10":{"start":{"line":22,"column":4},"end":{"line":22,"column":11}},"11":{"start":{"line":24,"column":4},"end":{"line":24,"column":74}},"12":{"start":{"line":32,"column":0},"end":{"line":32,"column":38}}},"fnMap":{"0":{"name":"createAuthMiddleware","decl":{"start":{"line":5,"column":9},"end":{"line":5,"column":29}},"loc":{"start":{"line":5,"column":47},"end":{"line":29,"column":1}},"line":5},"1":{"name":"authMiddleware","decl":{"start":{"line":7,"column":16},"end":{"line":7,"column":30}},"loc":{"start":{"line":7,"column":47},"end":{"line":28,"column":1}},"line":7}},"branchMap":{"0":{"loc":{"start":{"line":5,"column":30},"end":{"line":5,"column":46}},"type":"default-arg","locations":[{"start":{"line":5,"column":38},"end":{"line":5,"column":46}}],"line":5},"1":{"loc":{"start":{"line":8,"column":15},"end":{"line":8,"column":88}},"type":"binary-expr","locations":[{"start":{"line":8,"column":15},"end":{"line":8,"column":33}},{"start":{"line":8,"column":37},"end":{"line":8,"column":88}}],"line":8},"2":{"loc":{"start":{"line":9,"column":0},"end":{"line":13,"column":1}},"type":"if","locations":[{"start":{"line":9,"column":0},"end":{"line":13,"column":1}},{"start":{},"end":{}}],"line":9},"3":{"loc":{"start":{"line":17,"column":4},"end":{"line":19,"column":5}},"type":"if","locations":[{"start":{"line":17,"column":4},"end":{"line":19,"column":5}},{"start":{},"end":{}}],"line":17}},"s":{"0":1,"1":2,"2":0,"3":0,"4":0,"5":0,"6":0,"7":0,"8":0,"9":0,"10":0,"11":0,"12":1},"f":{"0":2,"1":0},"b":{"0":[0],"1":[0,0],"2":[0,0],"3":[0,0]},"_coverageSchema":"1a1c01bbd47fc00a2c39e90264f33305004495a9","hash":"a41a1256d1fb4603594ea9763720c2c8b71951ba"}
,"C:\\Users\\91882\\Desktop\\vyaparx\\cart\\src\\middlewares\\validation.middleware.js": {"path":"C:\\Users\\91882\\Desktop\\vyaparx\\cart\\src\\middlewares\\validation.middleware.js","statementMap":{"0":{"start":{"line":1,"column":42},"end":{"line":1,"column":70}},"1":{"start":{"line":2,"column":17},"end":{"line":2,"column":36}},"2":{"start":{"line":4,"column":15},"end":{"line":4,"column":36}},"3":{"start":{"line":5,"column":0},"end":{"line":9,"column":1}},"4":{"start":{"line":6,"column":4},"end":{"line":6,"column":57}},"5":{"start":{"line":10,"column":0},"end":{"line":10,"column":7}},"6":{"start":{"line":13,"column":30},"end":{"line":27,"column":1}},"7":{"start":{"line":18,"column":12},"end":{"line":20,"column":13}},"8":{"start":{"line":19,"column":16},"end":{"line":19,"column":60}},"9":{"start":{"line":21,"column":12},"end":{"line":21,"column":24}},"10":{"start":{"line":28,"column":31},"end":{"line":42,"column":1}},"11":{"start":{"line":33,"column":12},"end":{"line":35,"column":13}},"12":{"start":{"line":34,"column":16},"end":{"line":34,"column":60}},"13":{"start":{"line":36,"column":12},"end":{"line":36,"column":24}},"14":{"start":{"line":45,"column":0},"end":{"line":48,"column":2}}},"fnMap":{"0":{"name":"validateResult","decl":{"start":{"line":3,"column":9},"end":{"line":3,"column":23}},"loc":{"start":{"line":3,"column":37},"end":{"line":11,"column":1}},"line":3},"1":{"name":"(anonymous_1)","decl":{"start":{"line":17,"column":16},"end":{"line":17,"column":17}},"loc":{"start":{"line":17,"column":27},"end":{"line":22,"column":9}},"line":17},"2":{"name":"(anonymous_2)","decl":{"start":{"line":32,"column":16},"end":{"line":32,"column":17}},"loc":{"start":{"line":32,"column":27},"end":{"line":37,"column":9}},"line":32}},"branchMap":{"0":{"loc":{"start":{"line":5,"column":0},"end":{"line":9,"column":1}},"type":"if","locations":[{"start":{"line":5,"column":0},"end":{"line":9,"column":1}},{"start":{},"end":{}}],"line":5},"1":{"loc":{"start":{"line":18,"column":12},"end":{"line":20,"column":13}},"type":"if","locations":[{"start":{"line":18,"column":12},"end":{"line":20,"column":13}},{"start":{},"end":{}}],"line":18},"2":{"loc":{"start":{"line":33,"column":12},"end":{"line":35,"column":13}},"type":"if","locations":[{"start":{"line":33,"column":12},"end":{"line":35,"column":13}},{"start":{},"end":{}}],"line":33}},"s":{"0":1,"1":1,"2":10,"3":10,"4":10,"5":0,"6":1,"7":6,"8":6,"9":0,"10":1,"11":4,"12":4,"13":0,"14":1},"f":{"0":10,"1":6,"2":4},"b":{"0":[10,0],"1":[6,0],"2":[4,0]},"_coverageSchema":"1a1c01bbd47fc00a2c39e90264f33305004495a9","hash":"25a70cedba49ad7014b63814feb52313ff37d049"}
,"C:\\Users\\91882\\Desktop\\vyaparx\\cart\\src\\models\\cart.model.js": {"path":"C:\\Users\\91882\\Desktop\\vyaparx\\cart\\src\\models\\cart.model.js","statementMap":{"0":{"start":{"line":1,"column":17},"end":{"line":1,"column":36}},"1":{"start":{"line":3,"column":19},"end":{"line":28,"column":1}},"2":{"start":{"line":30,"column":13},"end":{"line":30,"column":47}},"3":{"start":{"line":32,"column":0},"end":{"line":32,"column":22}}},"fnMap":{},"branchMap":{},"s":{"0":1,"1":1,"2":1,"3":1},"f":{},"b":{},"_coverageSchema":"1a1c01bbd47fc00a2c39e90264f33305004495a9","hash":"03b7cb71bee026ad153f926b7ef78400ca57a1fc"}
,"C:\\Users\\91882\\Desktop\\vyaparx\\cart\\src\\models\\cart.models.js": {"path":"C:\\Users\\91882\\Desktop\\vyaparx\\cart\\src\\models\\cart.models.js","statementMap":{"0":{"start":{"line":1,"column":17},"end":{"line":1,"column":36}},"1":{"start":{"line":6,"column":19},"end":{"line":32,"column":20}},"2":{"start":{"line":34,"column":13},"end":{"line":34,"column":46}},"3":{"start":{"line":36,"column":0},"end":{"line":36,"column":22}}},"fnMap":{},"branchMap":{},"s":{"0":0,"1":0,"2":0,"3":0},"f":{},"b":{}}
,"C:\\Users\\91882\\Desktop\\vyaparx\\cart\\src\\routes\\cart.routes.js": {"path":"C:\\Users\\91882\\Desktop\\vyaparx\\cart\\src\\routes\\cart.routes.js","statementMap":{"0":{"start":{"line":1,"column":16},"end":{"line":1,"column":34}},"1":{"start":{"line":2,"column":15},"end":{"line":2,"column":31}},"2":{"start":{"line":3,"column":29},"end":{"line":3,"column":69}},"3":{"start":{"line":4,"column":24},"end":{"line":4,"column":65}},"4":{"start":{"line":5,"column":19},"end":{"line":5,"column":66}},"5":{"start":{"line":6,"column":0},"end":{"line":10,"column":2}},"6":{"start":{"line":12,"column":0},"end":{"line":16,"column":2}},"7":{"start":{"line":19,"column":0},"end":{"line":19,"column":40}},"8":{"start":{"line":22,"column":0},"end":{"line":22,"column":66}},"9":{"start":{"line":23,"column":0},"end":{"line":23,"column":45}},"10":{"start":{"line":26,"column":0},"end":{"line":26,"column":24}}},"fnMap":{},"branchMap":{},"s":{"0":1,"1":1,"2":1,"3":1,"4":1,"5":1,"6":1,"7":1,"8":1,"9":1,"10":1},"f":{},"b":{},"_coverageSchema":"1a1c01bbd47fc00a2c39e90264f33305004495a9","hash":"16c183b6969937c1abb897faa269ecb837c8beb5"}
}
