TN:
SF:src\app.js
FNF:0
FNH:0
DA:1,1
DA:2,1
DA:3,1
DA:4,1
DA:6,1
DA:7,1
DA:9,1
DA:13,1
LF:8
LH:8
BRF:0
BRH:0
end_of_record
TN:
SF:src\controllers\cart.controller.js
FN:4,addItemToCart
FN:17,(anonymous_1)
FN:31,getCart
FN:38,(anonymous_3)
FN:45,(anonymous_4)
FN:49,removeCartItem
FN:55,clearCart
FN:59,updateCartItem
FN:74,(anonymous_8)
FN:88,(anonymous_9)
FNF:10
FNH:3
FNDA:0,addItemToCart
FNDA:0,(anonymous_1)
FNDA:4,getCart
FNDA:0,(anonymous_3)
FNDA:0,(anonymous_4)
FNDA:4,removeCartItem
FNDA:4,clearCart
FNDA:0,updateCartItem
FNDA:0,(anonymous_8)
FNDA:0,(anonymous_9)
DA:1,1
DA:5,0
DA:7,0
DA:8,0
DA:9,0
DA:11,0
DA:12,0
DA:14,0
DA:17,0
DA:19,0
DA:20,0
DA:23,0
DA:25,0
DA:27,0
DA:33,4
DA:34,4
DA:35,4
DA:36,0
DA:37,0
DA:38,0
DA:45,4
DA:46,4
DA:50,4
DA:52,4
DA:57,4
DA:60,0
DA:61,0
DA:62,0
DA:64,0
DA:65,0
DA:68,0
DA:69,0
DA:70,0
DA:73,0
DA:74,0
DA:77,0
DA:78,0
DA:81,0
DA:82,0
DA:84,0
DA:87,0
DA:88,0
DA:91,0
DA:93,0
DA:98,1
LF:45
LH:10
BRDA:8,0,0,0
BRDA:8,0,1,0
BRDA:12,1,0,0
BRDA:12,1,1,0
BRDA:19,2,0,0
BRDA:19,2,1,0
BRDA:35,3,0,0
BRDA:35,3,1,4
BRDA:37,4,0,0
BRDA:37,4,1,0
BRDA:45,5,0,0
BRDA:45,5,1,0
BRDA:64,6,0,0
BRDA:64,6,1,0
BRDA:69,7,0,0
BRDA:69,7,1,0
BRDA:77,8,0,0
BRDA:77,8,1,0
BRDA:81,9,0,0
BRDA:81,9,1,0
BRDA:88,10,0,0
BRDA:88,10,1,0
BRF:22
BRH:1
end_of_record
TN:
SF:src\db\db.js
FN:5,connectDB
FNF:1
FNH:0
FNDA:0,connectDB
DA:1,0
DA:8,0
DA:9,0
DA:10,0
DA:12,0
DA:18,0
LF:6
LH:0
BRF:0
BRH:0
end_of_record
TN:
SF:src\middlewares\auth.middlware.js
FN:5,createAuthMiddleware
FN:7,authMiddleware
FNF:2
FNH:1
FNDA:2,createAuthMiddleware
FNDA:0,authMiddleware
DA:1,1
DA:7,2
DA:8,0
DA:9,0
DA:10,0
DA:14,0
DA:15,0
DA:17,0
DA:18,0
DA:21,0
DA:22,0
DA:24,0
DA:32,1
LF:13
LH:3
BRDA:5,0,0,0
BRDA:8,1,0,0
BRDA:8,1,1,0
BRDA:9,2,0,0
BRDA:9,2,1,0
BRDA:17,3,0,0
BRDA:17,3,1,0
BRF:7
BRH:0
end_of_record
TN:
SF:src\middlewares\validation.middleware.js
FN:3,validateResult
FN:17,(anonymous_1)
FN:32,(anonymous_2)
FNF:3
FNH:3
FNDA:10,validateResult
FNDA:6,(anonymous_1)
FNDA:4,(anonymous_2)
DA:1,1
DA:2,1
DA:4,10
DA:5,10
DA:6,10
DA:10,0
DA:13,1
DA:18,6
DA:19,6
DA:21,0
DA:28,1
DA:33,4
DA:34,4
DA:36,0
DA:45,1
LF:15
LH:12
BRDA:5,0,0,10
BRDA:5,0,1,0
BRDA:18,1,0,6
BRDA:18,1,1,0
BRDA:33,2,0,4
BRDA:33,2,1,0
BRF:6
BRH:3
end_of_record
TN:
SF:src\models\cart.model.js
FNF:0
FNH:0
DA:1,1
DA:3,1
DA:30,1
DA:32,1
LF:4
LH:4
BRF:0
BRH:0
end_of_record
TN:
SF:src\models\cart.models.js
FNF:0
FNH:0
DA:1,0
DA:6,0
DA:34,0
DA:36,0
LF:4
LH:0
BRF:0
BRH:0
end_of_record
TN:
SF:src\routes\cart.routes.js
FNF:0
FNH:0
DA:1,1
DA:2,1
DA:3,1
DA:4,1
DA:5,1
DA:6,1
DA:12,1
DA:19,1
DA:22,1
DA:23,1
DA:26,1
LF:11
LH:11
BRF:0
BRH:0
end_of_record
